<?xml version="1.0" encoding="UTF-8"?>
<!-- Generated by org.testng.reporters.JUnitReportReporter -->
<testsuite hostname="DESKTOP-FUGQNF4" failures="0" tests="3" name="com.LfyInsManage.testscript.SamClss2test" time="0.004" errors="0" timestamp="2023-01-23T17:15:04 IST" skipped="0">
  <testcase classname="com.LfyInsManage.testscript.SamClss2test" name="simple5" time="0.001"/>
  <system-out/>
  <testcase classname="com.LfyInsManage.testscript.SamClss2test" name="simple6" time="0.001"/>
  <system-out/>
  <testcase classname="com.LfyInsManage.testscript.SamClss2test" name="simple4" time="0.002"/>
  <system-out/>
</testsuite> <!-- com.LfyInsManage.testscript.SamClss2test -->
