<?xml version="1.0" encoding="UTF-8"?>
<!-- Generated by org.testng.reporters.JUnitReportReporter -->
<testsuite hostname="DESKTOP-FUGQNF4" failures="0" tests="3" name="com.LfyInsManageDev.testscript.SamClss1test" time="0.012" errors="0" timestamp="2023-01-23T15:35:48 IST" skipped="0">
  <testcase classname="com.LfyInsManageDev.testscript.SamClss1test" name="simple2" time="0.001"/>
  <system-out/>
  <testcase classname="com.LfyInsManageDev.testscript.SamClss1test" name="simple3" time="0.001"/>
  <system-out/>
  <testcase classname="com.LfyInsManageDev.testscript.SamClss1test" name="simple1" time="0.010"/>
  <system-out/>
</testsuite> <!-- com.LfyInsManageDev.testscript.SamClss1test -->
