<?xml version="1.0" encoding="UTF-8"?>
<!-- Generated by org.testng.reporters.JUnitReportReporter -->
<testsuite hostname="DESKTOP-FUGQNF4" failures="0" tests="3" name="com.LfyInsManage.testscript.SamClss1test" time="0.020" errors="0" timestamp="2023-01-23T17:15:04 IST" skipped="0">
  <testcase classname="com.LfyInsManage.testscript.SamClss1test" name="simple3" time="0.005"/>
  <system-out/>
  <testcase classname="com.LfyInsManage.testscript.SamClss1test" name="simple1" time="0.011"/>
  <system-out/>
  <testcase classname="com.LfyInsManage.testscript.SamClss1test" name="simple2" time="0.004"/>
  <system-out/>
</testsuite> <!-- com.LfyInsManage.testscript.SamClss1test -->
