<?xml version="1.0" encoding="UTF-8"?>
<!-- Generated by org.testng.reporters.JUnitReportReporter -->
<testsuite hostname="DESKTOP-FUGQNF4" failures="0" tests="1" name="com.LfyInsManage.testscript.SamClss3test" time="0.003" errors="0" timestamp="2023-01-23T17:15:04 IST" skipped="0">
  <testcase classname="com.LfyInsManage.testscript.SamClss3test" name="sample" time="0.003"/>
  <system-out/>
</testsuite> <!-- com.LfyInsManage.testscript.SamClss3test -->
